<?xml version="1.0" encoding="UTF-8"?>
<!-- Generated by org.testng.reporters.JUnitReportReporter -->
<testsuite hostname="Arun" failures="0" tests="1" name="testCases.TC_001_AccountRegistrationTest" time="3.326" errors="0" timestamp="2024-12-24T20:12:49 IST" skipped="0">
  <testcase classname="testCases.TC_001_AccountRegistrationTest" name="VerifyAccountRegistration" time="3.326"/>
</testsuite> <!-- testCases.TC_001_AccountRegistrationTest -->
