<?xml version="1.0" encoding="UTF-8"?>
<!-- Generated by org.testng.reporters.JUnitReportReporter -->
<testsuite hostname="Arun" failures="0" tests="1" name="testCases.TC_002_LoginPage" time="1.860" errors="0" timestamp="2024-12-24T20:12:11 IST" skipped="0">
  <testcase classname="testCases.TC_002_LoginPage" name="VerifyLogin" time="1.860"/>
</testsuite> <!-- testCases.TC_002_LoginPage -->
