<?xml version="1.0" encoding="UTF-8"?>
<!-- Generated by org.testng.reporters.JUnitReportReporter -->
<testsuite hostname="Arun" failures="0" tests="1" name="testCases.TC_001_AccountRegistrationTest" time="2.853" errors="0" timestamp="2024-12-24T21:32:51 IST" skipped="0">
  <testcase classname="testCases.TC_001_AccountRegistrationTest" name="VerifyAccountRegistration" time="2.853"/>
</testsuite> <!-- testCases.TC_001_AccountRegistrationTest -->
